<?xml version="1.0" encoding="UTF-8"?>
<!-- Generated by org.testng.reporters.JUnitXMLReporter -->
<testsuite ignored="10" hostname="LAPTOP-QUOMNJ5A" failures="0" tests="6" name="chrome" time="241.763" errors="0" timestamp="2022-05-20T15:24:14 IST">
  <testcase classname="com.vtiger.contactsTest.CreateContactwithOrganizationTest" name="createContactwithOrganizationTest" time="39.675"/>
  <testcase classname="com.vtiger.organizationTest.CreateOrganizationandaAddIndustryaandTypeTest" name="createOrganizationandaAddIndustryaandTypeTest" time="22.131"/>
  <testcase classname="com.vtiger.organizationTest.CreaterOganizationusingExcelTest" name="createrOganizationusingExcelTest" time="18.736"/>
  <testcase classname="com.vtiger.campajnsTest.CreateCapigenswithProductTest" name="createCapigenswithProductTest" time="33.16"/>
  <testcase classname="com.vtiger.campajnsTest.CreateCampaigensTest" name="createCampaigensTest" time="23.521"/>
  <testcase classname="com.vtiger.contactsTest.CreateContactsTest" name="createContactsTest" time="22.551"/>
  <testcase classname="com.SDET34L1.genricutility.BaseClass" name="@BeforeSuite beforeSuite" time="0.0">
    <ignored/>
  </testcase> <!-- @BeforeSuite beforeSuite -->
  <testcase classname="com.SDET34L1.genricutility.BaseClass" name="@BeforeSuite beforeSuite" time="0.0">
    <ignored/>
  </testcase> <!-- @BeforeSuite beforeSuite -->
  <testcase classname="com.SDET34L1.genricutility.BaseClass" name="@BeforeSuite beforeSuite" time="0.0">
    <ignored/>
  </testcase> <!-- @BeforeSuite beforeSuite -->
  <testcase classname="com.SDET34L1.genricutility.BaseClass" name="@BeforeSuite beforeSuite" time="0.0">
    <ignored/>
  </testcase> <!-- @BeforeSuite beforeSuite -->
  <testcase classname="com.SDET34L1.genricutility.BaseClass" name="@BeforeSuite beforeSuite" time="0.0">
    <ignored/>
  </testcase> <!-- @BeforeSuite beforeSuite -->
  <testcase classname="com.SDET34L1.genricutility.BaseClass" name="@AfterSuite afterSuite" time="0.0">
    <ignored/>
  </testcase> <!-- @AfterSuite afterSuite -->
  <testcase classname="com.SDET34L1.genricutility.BaseClass" name="@AfterSuite afterSuite" time="0.0">
    <ignored/>
  </testcase> <!-- @AfterSuite afterSuite -->
  <testcase classname="com.SDET34L1.genricutility.BaseClass" name="@AfterSuite afterSuite" time="0.0">
    <ignored/>
  </testcase> <!-- @AfterSuite afterSuite -->
  <testcase classname="com.SDET34L1.genricutility.BaseClass" name="@AfterSuite afterSuite" time="0.0">
    <ignored/>
  </testcase> <!-- @AfterSuite afterSuite -->
  <testcase classname="com.SDET34L1.genricutility.BaseClass" name="@AfterSuite afterSuite" time="0.0">
    <ignored/>
  </testcase> <!-- @AfterSuite afterSuite -->
</testsuite> <!-- chrome -->
